<?xml version="1.0" encoding="UTF-8"?>
<coverage generated="1539085324844" clover="3.2.0">
  <project timestamp="1539085324844" name="All files">
    <metrics statements="101" coveredstatements="101" conditionals="25" coveredconditionals="25" methods="20" coveredmethods="20" elements="146" coveredelements="146" complexity="0" loc="101" ncloc="101" packages="4" files="8" classes="8">
      <package name="routes">
        <metrics statements="13" coveredstatements="13" conditionals="0" coveredconditionals="0" methods="3" coveredmethods="3"/>
        <file name="api.js" path="/home/mark/Desktop/Whitech/whitech_final_with_server/whitech/routes/api.js">
          <metrics statements="6" coveredstatements="6" conditionals="0" coveredconditionals="0" methods="1" coveredmethods="1"/>
          <line num="3" count="2" type="stmt"/>
          <line num="4" count="2" type="stmt"/>
          <line num="6" count="2" type="stmt"/>
          <line num="9" count="2" type="stmt"/>
          <line num="10" count="1" type="stmt"/>
          <line num="13" count="2" type="stmt"/>
        </file>
        <file name="index.js" path="/home/mark/Desktop/Whitech/whitech_final_with_server/whitech/routes/index.js">
          <metrics statements="7" coveredstatements="7" conditionals="0" coveredconditionals="0" methods="2" coveredmethods="2"/>
          <line num="3" count="2" type="stmt"/>
          <line num="4" count="2" type="stmt"/>
          <line num="6" count="2" type="stmt"/>
          <line num="7" count="1" type="stmt"/>
          <line num="9" count="2" type="stmt"/>
          <line num="10" count="1" type="stmt"/>
          <line num="13" count="2" type="stmt"/>
        </file>
      </package>
      <package name="src.actions">
        <metrics statements="6" coveredstatements="6" conditionals="0" coveredconditionals="0" methods="3" coveredmethods="3"/>
        <file name="index.js" path="/home/mark/Desktop/Whitech/whitech_final_with_server/whitech/src/actions/index.js">
          <metrics statements="6" coveredstatements="6" conditionals="0" coveredconditionals="0" methods="3" coveredmethods="3"/>
          <line num="3" count="3" type="stmt"/>
          <line num="4" count="3" type="stmt"/>
          <line num="5" count="3" type="stmt"/>
          <line num="8" count="1" type="stmt"/>
          <line num="15" count="1" type="stmt"/>
          <line num="22" count="1" type="stmt"/>
        </file>
      </package>
      <package name="src.components">
        <metrics statements="57" coveredstatements="57" conditionals="18" coveredconditionals="18" methods="13" coveredmethods="13"/>
        <file name="Container.js" path="/home/mark/Desktop/Whitech/whitech_final_with_server/whitech/src/components/Container.js">
          <metrics statements="35" coveredstatements="35" conditionals="10" coveredconditionals="10" methods="8" coveredmethods="8"/>
          <line num="13" count="8" type="stmt"/>
          <line num="14" count="8" type="stmt"/>
          <line num="18" count="8" type="stmt"/>
          <line num="19" count="8" type="stmt"/>
          <line num="20" count="8" type="stmt"/>
          <line num="24" count="4" type="stmt"/>
          <line num="25" count="4" type="cond" truecount="2" falsecount="0"/>
          <line num="26" count="1" type="stmt"/>
          <line num="27" count="1" type="stmt"/>
          <line num="30" count="3" type="cond" truecount="2" falsecount="0"/>
          <line num="31" count="2" type="stmt"/>
          <line num="32" count="2" type="stmt"/>
          <line num="36" count="2" type="stmt"/>
          <line num="40" count="1" type="stmt"/>
          <line num="45" count="2" type="stmt"/>
          <line num="46" count="2" type="stmt"/>
          <line num="47" count="2" type="cond" truecount="2" falsecount="0"/>
          <line num="48" count="1" type="stmt"/>
          <line num="50" count="1" type="stmt"/>
          <line num="51" count="1" type="stmt"/>
          <line num="55" count="2" type="stmt"/>
          <line num="56" count="2" type="stmt"/>
          <line num="57" count="2" type="cond" truecount="2" falsecount="0"/>
          <line num="58" count="1" type="stmt"/>
          <line num="60" count="1" type="stmt"/>
          <line num="61" count="1" type="stmt"/>
          <line num="65" count="1" type="stmt"/>
          <line num="66" count="1" type="stmt"/>
          <line num="67" count="1" type="stmt"/>
          <line num="71" count="10" type="stmt"/>
          <line num="72" count="10" type="stmt"/>
          <line num="74" count="10" type="cond" truecount="2" falsecount="0"/>
          <line num="75" count="1" type="stmt"/>
          <line num="78" count="9" type="stmt"/>
          <line num="94" count="1" type="stmt"/>
        </file>
        <file name="Error.js" path="/home/mark/Desktop/Whitech/whitech_final_with_server/whitech/src/components/Error.js">
          <metrics statements="2" coveredstatements="2" conditionals="0" coveredconditionals="0" methods="1" coveredmethods="1"/>
          <line num="3" count="2" type="stmt"/>
          <line num="4" count="1" type="stmt"/>
        </file>
        <file name="Paginator.js" path="/home/mark/Desktop/Whitech/whitech_final_with_server/whitech/src/components/Paginator.js">
          <metrics statements="17" coveredstatements="17" conditionals="8" coveredconditionals="8" methods="2" coveredmethods="2"/>
          <line num="3" count="3" type="stmt"/>
          <line num="4" count="3" type="stmt"/>
          <line num="6" count="3" type="stmt"/>
          <line num="13" count="6" type="stmt"/>
          <line num="14" count="6" type="stmt"/>
          <line num="15" count="6" type="stmt"/>
          <line num="16" count="6" type="cond" truecount="2" falsecount="0"/>
          <line num="17" count="1" type="stmt"/>
          <line num="19" count="6" type="stmt"/>
          <line num="20" count="6" type="stmt"/>
          <line num="21" count="6" type="stmt"/>
          <line num="22" count="6" type="stmt"/>
          <line num="23" count="18" type="stmt"/>
          <line num="25" count="6" type="cond" truecount="2" falsecount="0"/>
          <line num="26" count="1" type="stmt"/>
          <line num="29" count="5" type="stmt"/>
          <line num="34" count="15" type="stmt"/>
        </file>
        <file name="Shop.js" path="/home/mark/Desktop/Whitech/whitech_final_with_server/whitech/src/components/Shop.js">
          <metrics statements="3" coveredstatements="3" conditionals="0" coveredconditionals="0" methods="2" coveredmethods="2"/>
          <line num="5" count="2" type="stmt"/>
          <line num="15" count="1" type="stmt"/>
          <line num="39" count="8" type="stmt"/>
        </file>
      </package>
      <package name="src.reducers">
        <metrics statements="25" coveredstatements="25" conditionals="7" coveredconditionals="7" methods="1" coveredmethods="1"/>
        <file name="index.js" path="/home/mark/Desktop/Whitech/whitech_final_with_server/whitech/src/reducers/index.js">
          <metrics statements="25" coveredstatements="25" conditionals="7" coveredconditionals="7" methods="1" coveredmethods="1"/>
          <line num="4" count="1" type="stmt"/>
          <line num="15" count="6" type="stmt"/>
          <line num="16" count="6" type="cond" truecount="2" falsecount="0"/>
          <line num="17" count="5" type="stmt"/>
          <line num="19" count="6" type="cond" truecount="4" falsecount="0"/>
          <line num="22" count="1" type="stmt"/>
          <line num="23" count="1" type="stmt"/>
          <line num="24" count="1" type="stmt"/>
          <line num="25" count="1" type="stmt"/>
          <line num="26" count="1" type="stmt"/>
          <line num="27" count="1" type="stmt"/>
          <line num="28" count="1" type="stmt"/>
          <line num="32" count="1" type="stmt"/>
          <line num="33" count="1" type="stmt"/>
          <line num="34" count="1" type="stmt"/>
          <line num="35" count="1" type="stmt"/>
          <line num="36" count="1" type="stmt"/>
          <line num="37" count="1" type="stmt"/>
          <line num="41" count="1" type="stmt"/>
          <line num="42" count="1" type="stmt"/>
          <line num="43" count="1" type="stmt"/>
          <line num="44" count="1" type="stmt"/>
          <line num="45" count="1" type="stmt"/>
          <line num="46" count="1" type="stmt"/>
          <line num="49" count="3" type="stmt"/>
        </file>
      </package>
    </metrics>
  </project>
</coverage>
