{"/home/mark/Desktop/whitech_final_with_server/whitech/routes/api.js": {"path":"/home/mark/Desktop/whitech_final_with_server/whitech/routes/api.js","statementMap":{"0":{"start":{"line":3,"column":14},"end":{"line":3,"column":32}},"1":{"start":{"line":4,"column":17},"end":{"line":4,"column":49}},"2":{"start":{"line":6,"column":13},"end":{"line":6,"column":29}},"3":{"start":{"line":9,"column":0},"end":{"line":11,"column":3}},"4":{"start":{"line":10,"column":2},"end":{"line":10,"column":21}},"5":{"start":{"line":13,"column":0},"end":{"line":13,"column":24}}},"fnMap":{"0":{"name":"(anonymous_0)","decl":{"start":{"line":9,"column":16},"end":{"line":9,"column":17}},"loc":{"start":{"line":9,"column":41},"end":{"line":11,"column":1}},"line":9}},"branchMap":{},"s":{"0":2,"1":2,"2":2,"3":2,"4":1,"5":2},"f":{"0":1},"b":{},"_coverageSchema":"332fd63041d2c1bcb487cc26dd0d5f7d97098a6c","hash":"86b5fb8dfc4e5b5cc145b024c596c6984d416c50"}
,"/home/mark/Desktop/whitech_final_with_server/whitech/routes/index.js": {"path":"/home/mark/Desktop/whitech_final_with_server/whitech/routes/index.js","statementMap":{"0":{"start":{"line":3,"column":14},"end":{"line":3,"column":32}},"1":{"start":{"line":4,"column":13},"end":{"line":4,"column":29}},"2":{"start":{"line":6,"column":0},"end":{"line":8,"column":3}},"3":{"start":{"line":7,"column":2},"end":{"line":7,"column":22}},"4":{"start":{"line":9,"column":0},"end":{"line":11,"column":3}},"5":{"start":{"line":10,"column":2},"end":{"line":10,"column":22}},"6":{"start":{"line":13,"column":0},"end":{"line":13,"column":24}}},"fnMap":{"0":{"name":"(anonymous_0)","decl":{"start":{"line":6,"column":16},"end":{"line":6,"column":17}},"loc":{"start":{"line":6,"column":30},"end":{"line":8,"column":1}},"line":6},"1":{"name":"(anonymous_1)","decl":{"start":{"line":9,"column":17},"end":{"line":9,"column":18}},"loc":{"start":{"line":9,"column":31},"end":{"line":11,"column":1}},"line":9}},"branchMap":{},"s":{"0":2,"1":2,"2":2,"3":1,"4":2,"5":1,"6":2},"f":{"0":1,"1":1},"b":{},"_coverageSchema":"332fd63041d2c1bcb487cc26dd0d5f7d97098a6c","hash":"6b9428dd87f509299fbd0ba756bf2064fde9bd41"}
,"/home/mark/Desktop/whitech_final_with_server/whitech/src/actions/index.js": {"path":"/home/mark/Desktop/whitech_final_with_server/whitech/src/actions/index.js","statementMap":{"0":{"start":{"line":3,"column":28},"end":{"line":3,"column":42}},"1":{"start":{"line":4,"column":28},"end":{"line":4,"column":42}},"2":{"start":{"line":5,"column":27},"end":{"line":5,"column":40}},"3":{"start":{"line":8,"column":2},"end":{"line":11,"column":3}},"4":{"start":{"line":15,"column":2},"end":{"line":18,"column":3}},"5":{"start":{"line":22,"column":2},"end":{"line":25,"column":3}}},"fnMap":{"0":{"name":"setProducts","decl":{"start":{"line":7,"column":16},"end":{"line":7,"column":27}},"loc":{"start":{"line":7,"column":38},"end":{"line":12,"column":1}},"line":7},"1":{"name":"getProducts","decl":{"start":{"line":14,"column":16},"end":{"line":14,"column":27}},"loc":{"start":{"line":14,"column":34},"end":{"line":19,"column":1}},"line":14},"2":{"name":"onPerPage","decl":{"start":{"line":21,"column":16},"end":{"line":21,"column":25}},"loc":{"start":{"line":21,"column":35},"end":{"line":26,"column":1}},"line":21}},"branchMap":{},"s":{"0":3,"1":3,"2":3,"3":1,"4":1,"5":1},"f":{"0":1,"1":1,"2":1},"b":{},"_coverageSchema":"332fd63041d2c1bcb487cc26dd0d5f7d97098a6c","hash":"0ee9840b75b4a76156ad89f55e5109d227139324"}
,"/home/mark/Desktop/whitech_final_with_server/whitech/src/components/Container.js": {"path":"/home/mark/Desktop/whitech_final_with_server/whitech/src/components/Container.js","statementMap":{"0":{"start":{"line":13,"column":4},"end":{"line":13,"column":17}},"1":{"start":{"line":14,"column":4},"end":{"line":17,"column":5}},"2":{"start":{"line":18,"column":4},"end":{"line":18,"column":45}},"3":{"start":{"line":19,"column":4},"end":{"line":19,"column":45}},"4":{"start":{"line":20,"column":4},"end":{"line":20,"column":53}},"5":{"start":{"line":24,"column":15},"end":{"line":24,"column":51}},"6":{"start":{"line":25,"column":4},"end":{"line":28,"column":5}},"7":{"start":{"line":26,"column":6},"end":{"line":26,"column":34}},"8":{"start":{"line":27,"column":6},"end":{"line":27,"column":13}},"9":{"start":{"line":30,"column":4},"end":{"line":41,"column":5}},"10":{"start":{"line":31,"column":6},"end":{"line":37,"column":20}},"11":{"start":{"line":32,"column":23},"end":{"line":35,"column":9}},"12":{"start":{"line":36,"column":8},"end":{"line":36,"column":41}},"13":{"start":{"line":40,"column":6},"end":{"line":40,"column":35}},"14":{"start":{"line":45,"column":26},"end":{"line":45,"column":36}},"15":{"start":{"line":46,"column":4},"end":{"line":46,"column":20}},"16":{"start":{"line":47,"column":4},"end":{"line":49,"column":5}},"17":{"start":{"line":48,"column":6},"end":{"line":48,"column":13}},"18":{"start":{"line":50,"column":4},"end":{"line":50,"column":40}},"19":{"start":{"line":51,"column":4},"end":{"line":51,"column":33}},"20":{"start":{"line":55,"column":19},"end":{"line":55,"column":29}},"21":{"start":{"line":56,"column":4},"end":{"line":56,"column":20}},"22":{"start":{"line":57,"column":4},"end":{"line":59,"column":5}},"23":{"start":{"line":58,"column":6},"end":{"line":58,"column":13}},"24":{"start":{"line":60,"column":4},"end":{"line":60,"column":40}},"25":{"start":{"line":61,"column":4},"end":{"line":61,"column":33}},"26":{"start":{"line":65,"column":18},"end":{"line":65,"column":44}},"27":{"start":{"line":66,"column":4},"end":{"line":66,"column":31}},"28":{"start":{"line":67,"column":4},"end":{"line":67,"column":34}},"29":{"start":{"line":71,"column":27},"end":{"line":71,"column":37}},"30":{"start":{"line":72,"column":59},"end":{"line":72,"column":69}},"31":{"start":{"line":74,"column":4},"end":{"line":76,"column":5}},"32":{"start":{"line":75,"column":6},"end":{"line":75,"column":23}},"33":{"start":{"line":78,"column":4},"end":{"line":89,"column":6}},"34":{"start":{"line":94,"column":2},"end":{"line":101,"column":3}}},"fnMap":{"0":{"name":"(anonymous_0)","decl":{"start":{"line":12,"column":2},"end":{"line":12,"column":3}},"loc":{"start":{"line":12,"column":21},"end":{"line":21,"column":3}},"line":12},"1":{"name":"(anonymous_1)","decl":{"start":{"line":23,"column":2},"end":{"line":23,"column":3}},"loc":{"start":{"line":23,"column":26},"end":{"line":42,"column":3}},"line":23},"2":{"name":"(anonymous_2)","decl":{"start":{"line":31,"column":29},"end":{"line":31,"column":30}},"loc":{"start":{"line":31,"column":41},"end":{"line":37,"column":7}},"line":31},"3":{"name":"(anonymous_3)","decl":{"start":{"line":44,"column":2},"end":{"line":44,"column":3}},"loc":{"start":{"line":44,"column":13},"end":{"line":52,"column":3}},"line":44},"4":{"name":"(anonymous_4)","decl":{"start":{"line":54,"column":2},"end":{"line":54,"column":3}},"loc":{"start":{"line":54,"column":13},"end":{"line":62,"column":3}},"line":54},"5":{"name":"(anonymous_5)","decl":{"start":{"line":64,"column":2},"end":{"line":64,"column":3}},"loc":{"start":{"line":64,"column":22},"end":{"line":68,"column":3}},"line":64},"6":{"name":"(anonymous_6)","decl":{"start":{"line":70,"column":2},"end":{"line":70,"column":3}},"loc":{"start":{"line":70,"column":11},"end":{"line":90,"column":3}},"line":70},"7":{"name":"mapStateToProps","decl":{"start":{"line":93,"column":16},"end":{"line":93,"column":31}},"loc":{"start":{"line":93,"column":39},"end":{"line":102,"column":1}},"line":93}},"branchMap":{"0":{"loc":{"start":{"line":25,"column":4},"end":{"line":28,"column":5}},"type":"if","locations":[{"start":{"line":25,"column":4},"end":{"line":28,"column":5}},{"start":{"line":25,"column":4},"end":{"line":28,"column":5}}],"line":25},"1":{"loc":{"start":{"line":30,"column":4},"end":{"line":41,"column":5}},"type":"if","locations":[{"start":{"line":30,"column":4},"end":{"line":41,"column":5}},{"start":{"line":30,"column":4},"end":{"line":41,"column":5}}],"line":30},"2":{"loc":{"start":{"line":47,"column":4},"end":{"line":49,"column":5}},"type":"if","locations":[{"start":{"line":47,"column":4},"end":{"line":49,"column":5}},{"start":{"line":47,"column":4},"end":{"line":49,"column":5}}],"line":47},"3":{"loc":{"start":{"line":57,"column":4},"end":{"line":59,"column":5}},"type":"if","locations":[{"start":{"line":57,"column":4},"end":{"line":59,"column":5}},{"start":{"line":57,"column":4},"end":{"line":59,"column":5}}],"line":57},"4":{"loc":{"start":{"line":74,"column":4},"end":{"line":76,"column":5}},"type":"if","locations":[{"start":{"line":74,"column":4},"end":{"line":76,"column":5}},{"start":{"line":74,"column":4},"end":{"line":76,"column":5}}],"line":74}},"s":{"0":8,"1":8,"2":8,"3":8,"4":8,"5":3,"6":3,"7":1,"8":1,"9":2,"10":1,"11":1,"12":1,"13":1,"14":2,"15":2,"16":2,"17":1,"18":1,"19":1,"20":2,"21":2,"22":2,"23":1,"24":1,"25":1,"26":1,"27":1,"28":1,"29":10,"30":10,"31":10,"32":1,"33":9,"34":1},"f":{"0":8,"1":3,"2":1,"3":2,"4":2,"5":1,"6":10,"7":1},"b":{"0":[1,2],"1":[1,1],"2":[1,1],"3":[1,1],"4":[1,9]},"_coverageSchema":"332fd63041d2c1bcb487cc26dd0d5f7d97098a6c","hash":"6faefa859a598d5f61cde1ceda5f49c755304417"}
,"/home/mark/Desktop/whitech_final_with_server/whitech/src/components/Error.js": {"path":"/home/mark/Desktop/whitech_final_with_server/whitech/src/components/Error.js","statementMap":{"0":{"start":{"line":3,"column":14},"end":{"line":7,"column":1}},"1":{"start":{"line":4,"column":2},"end":{"line":6,"column":8}}},"fnMap":{"0":{"name":"(anonymous_0)","decl":{"start":{"line":3,"column":14},"end":{"line":3,"column":15}},"loc":{"start":{"line":4,"column":2},"end":{"line":6,"column":8}},"line":4}},"branchMap":{},"s":{"0":2,"1":1},"f":{"0":1},"b":{},"_coverageSchema":"332fd63041d2c1bcb487cc26dd0d5f7d97098a6c","hash":"68a768f0bc052019ab4d4a0bbed67bbdc8ec750b"}
,"/home/mark/Desktop/whitech_final_with_server/whitech/src/components/Paginator.js": {"path":"/home/mark/Desktop/whitech_final_with_server/whitech/src/components/Paginator.js","statementMap":{"0":{"start":{"line":3,"column":32},"end":{"line":3,"column":36}},"1":{"start":{"line":4,"column":26},"end":{"line":4,"column":27}},"2":{"start":{"line":6,"column":18},"end":{"line":45,"column":1}},"3":{"start":{"line":13,"column":16},"end":{"line":13,"column":18}},"4":{"start":{"line":14,"column":14},"end":{"line":14,"column":15}},"5":{"start":{"line":15,"column":14},"end":{"line":15,"column":23}},"6":{"start":{"line":16,"column":2},"end":{"line":18,"column":3}},"7":{"start":{"line":17,"column":4},"end":{"line":17,"column":16}},"8":{"start":{"line":19,"column":14},"end":{"line":19,"column":45}},"9":{"start":{"line":20,"column":2},"end":{"line":20,"column":31}},"10":{"start":{"line":21,"column":2},"end":{"line":21,"column":45}},"11":{"start":{"line":22,"column":2},"end":{"line":24,"column":3}},"12":{"start":{"line":23,"column":4},"end":{"line":23,"column":18}},"13":{"start":{"line":25,"column":2},"end":{"line":27,"column":3}},"14":{"start":{"line":26,"column":4},"end":{"line":26,"column":23}},"15":{"start":{"line":29,"column":2},"end":{"line":44,"column":4}},"16":{"start":{"line":34,"column":10},"end":{"line":39,"column":15}}},"fnMap":{"0":{"name":"(anonymous_0)","decl":{"start":{"line":6,"column":18},"end":{"line":6,"column":19}},"loc":{"start":{"line":12,"column":6},"end":{"line":45,"column":1}},"line":12},"1":{"name":"(anonymous_1)","decl":{"start":{"line":33,"column":18},"end":{"line":33,"column":19}},"loc":{"start":{"line":34,"column":10},"end":{"line":39,"column":15}},"line":34}},"branchMap":{"0":{"loc":{"start":{"line":10,"column":2},"end":{"line":10,"column":24}},"type":"default-arg","locations":[{"start":{"line":10,"column":8},"end":{"line":10,"column":24}}],"line":10},"1":{"loc":{"start":{"line":11,"column":2},"end":{"line":11,"column":24}},"type":"default-arg","locations":[{"start":{"line":11,"column":14},"end":{"line":11,"column":24}}],"line":11},"2":{"loc":{"start":{"line":16,"column":2},"end":{"line":18,"column":3}},"type":"if","locations":[{"start":{"line":16,"column":2},"end":{"line":18,"column":3}},{"start":{"line":16,"column":2},"end":{"line":18,"column":3}}],"line":16},"3":{"loc":{"start":{"line":25,"column":2},"end":{"line":27,"column":3}},"type":"if","locations":[{"start":{"line":25,"column":2},"end":{"line":27,"column":3}},{"start":{"line":25,"column":2},"end":{"line":27,"column":3}}],"line":25},"4":{"loc":{"start":{"line":36,"column":25},"end":{"line":36,"column":90}},"type":"cond-expr","locations":[{"start":{"line":36,"column":46},"end":{"line":36,"column":70}},{"start":{"line":36,"column":73},"end":{"line":36,"column":90}}],"line":36}},"s":{"0":3,"1":3,"2":3,"3":6,"4":6,"5":6,"6":6,"7":1,"8":6,"9":6,"10":6,"11":6,"12":18,"13":6,"14":1,"15":5,"16":15},"f":{"0":6,"1":15},"b":{"0":[1],"1":[1],"2":[1,5],"3":[1,5],"4":[5,10]},"_coverageSchema":"332fd63041d2c1bcb487cc26dd0d5f7d97098a6c","hash":"566c0114e0dedb4dea001031f7702355d6b79745"}
,"/home/mark/Desktop/whitech_final_with_server/whitech/src/components/Shop.js": {"path":"/home/mark/Desktop/whitech_final_with_server/whitech/src/components/Shop.js","statementMap":{"0":{"start":{"line":5,"column":13},"end":{"line":69,"column":1}},"1":{"start":{"line":15,"column":2},"end":{"line":68,"column":8}},"2":{"start":{"line":39,"column":12},"end":{"line":50,"column":18}}},"fnMap":{"0":{"name":"(anonymous_0)","decl":{"start":{"line":5,"column":13},"end":{"line":5,"column":14}},"loc":{"start":{"line":15,"column":2},"end":{"line":68,"column":8}},"line":15},"1":{"name":"(anonymous_1)","decl":{"start":{"line":33,"column":30},"end":{"line":33,"column":31}},"loc":{"start":{"line":39,"column":12},"end":{"line":50,"column":18}},"line":39}},"branchMap":{},"s":{"0":2,"1":1,"2":8},"f":{"0":1,"1":8},"b":{},"_coverageSchema":"332fd63041d2c1bcb487cc26dd0d5f7d97098a6c","hash":"52096d1261ae6de1b39d0f7c009b295dd0232e1e"}
,"/home/mark/Desktop/whitech_final_with_server/whitech/src/reducers/index.js": {"path":"/home/mark/Desktop/whitech_final_with_server/whitech/src/reducers/index.js","statementMap":{"0":{"start":{"line":4,"column":21},"end":{"line":12,"column":1}},"1":{"start":{"line":15,"column":13},"end":{"line":15,"column":15}},"2":{"start":{"line":16,"column":2},"end":{"line":18,"column":3}},"3":{"start":{"line":17,"column":4},"end":{"line":17,"column":22}},"4":{"start":{"line":19,"column":2},"end":{"line":50,"column":3}},"5":{"start":{"line":22,"column":33},"end":{"line":22,"column":48}},"6":{"start":{"line":23,"column":22},"end":{"line":23,"column":35}},"7":{"start":{"line":24,"column":20},"end":{"line":24,"column":56}},"8":{"start":{"line":25,"column":20},"end":{"line":25,"column":40}},"9":{"start":{"line":26,"column":30},"end":{"line":26,"column":68}},"10":{"start":{"line":27,"column":8},"end":{"line":27,"column":35}},"11":{"start":{"line":28,"column":8},"end":{"line":28,"column":114}},"12":{"start":{"line":32,"column":19},"end":{"line":32,"column":30}},"13":{"start":{"line":33,"column":36},"end":{"line":33,"column":41}},"14":{"start":{"line":34,"column":20},"end":{"line":34,"column":56}},"15":{"start":{"line":35,"column":20},"end":{"line":35,"column":40}},"16":{"start":{"line":36,"column":30},"end":{"line":36,"column":74}},"17":{"start":{"line":37,"column":8},"end":{"line":37,"column":56}},"18":{"start":{"line":41,"column":19},"end":{"line":41,"column":20}},"19":{"start":{"line":42,"column":22},"end":{"line":42,"column":36}},"20":{"start":{"line":43,"column":27},"end":{"line":43,"column":32}},"21":{"start":{"line":44,"column":20},"end":{"line":44,"column":56}},"22":{"start":{"line":45,"column":30},"end":{"line":45,"column":62}},"23":{"start":{"line":46,"column":8},"end":{"line":46,"column":65}},"24":{"start":{"line":49,"column":6},"end":{"line":49,"column":19}}},"fnMap":{"0":{"name":"products","decl":{"start":{"line":14,"column":9},"end":{"line":14,"column":17}},"loc":{"start":{"line":14,"column":49},"end":{"line":51,"column":1}},"line":14}},"branchMap":{"0":{"loc":{"start":{"line":14,"column":18},"end":{"line":14,"column":38}},"type":"default-arg","locations":[{"start":{"line":14,"column":26},"end":{"line":14,"column":38}}],"line":14},"1":{"loc":{"start":{"line":16,"column":2},"end":{"line":18,"column":3}},"type":"if","locations":[{"start":{"line":16,"column":2},"end":{"line":18,"column":3}},{"start":{"line":16,"column":2},"end":{"line":18,"column":3}}],"line":16},"2":{"loc":{"start":{"line":19,"column":2},"end":{"line":50,"column":3}},"type":"switch","locations":[{"start":{"line":20,"column":4},"end":{"line":29,"column":7}},{"start":{"line":30,"column":4},"end":{"line":38,"column":7}},{"start":{"line":39,"column":4},"end":{"line":47,"column":7}},{"start":{"line":48,"column":4},"end":{"line":49,"column":19}}],"line":19}},"s":{"0":1,"1":6,"2":6,"3":5,"4":6,"5":1,"6":1,"7":1,"8":1,"9":1,"10":1,"11":1,"12":1,"13":1,"14":1,"15":1,"16":1,"17":1,"18":1,"19":1,"20":1,"21":1,"22":1,"23":1,"24":3},"f":{"0":6},"b":{"0":[1],"1":[5,1],"2":[1,1,1,3]},"_coverageSchema":"332fd63041d2c1bcb487cc26dd0d5f7d97098a6c","hash":"49dc8ddebac4c2864cbd78622a71e2630bc31965"}
}
