{"/home/mark/Desktop/whitech6/whitech/routes/api.js": {"path":"/home/mark/Desktop/whitech6/whitech/routes/api.js","statementMap":{"0":{"start":{"line":3,"column":14},"end":{"line":3,"column":32}},"1":{"start":{"line":4,"column":17},"end":{"line":4,"column":49}},"2":{"start":{"line":6,"column":13},"end":{"line":6,"column":29}},"3":{"start":{"line":9,"column":0},"end":{"line":11,"column":3}},"4":{"start":{"line":10,"column":2},"end":{"line":10,"column":21}},"5":{"start":{"line":13,"column":0},"end":{"line":13,"column":24}}},"fnMap":{"0":{"name":"(anonymous_0)","decl":{"start":{"line":9,"column":16},"end":{"line":9,"column":17}},"loc":{"start":{"line":9,"column":41},"end":{"line":11,"column":1}},"line":9}},"branchMap":{},"s":{"0":1,"1":1,"2":1,"3":1,"4":1,"5":1},"f":{"0":1},"b":{},"_coverageSchema":"332fd63041d2c1bcb487cc26dd0d5f7d97098a6c","hash":"d5b162ea6a565e3e7c6d8024a406c225bc0259e5"}
,"/home/mark/Desktop/whitech6/whitech/routes/index.js": {"path":"/home/mark/Desktop/whitech6/whitech/routes/index.js","statementMap":{"0":{"start":{"line":3,"column":14},"end":{"line":3,"column":32}},"1":{"start":{"line":4,"column":13},"end":{"line":4,"column":29}},"2":{"start":{"line":6,"column":0},"end":{"line":6,"column":51}},"3":{"start":{"line":6,"column":30},"end":{"line":6,"column":49}},"4":{"start":{"line":7,"column":0},"end":{"line":7,"column":52}},"5":{"start":{"line":7,"column":31},"end":{"line":7,"column":50}},"6":{"start":{"line":9,"column":0},"end":{"line":9,"column":24}}},"fnMap":{"0":{"name":"(anonymous_0)","decl":{"start":{"line":6,"column":16},"end":{"line":6,"column":17}},"loc":{"start":{"line":6,"column":30},"end":{"line":6,"column":49}},"line":6},"1":{"name":"(anonymous_1)","decl":{"start":{"line":7,"column":17},"end":{"line":7,"column":18}},"loc":{"start":{"line":7,"column":31},"end":{"line":7,"column":50}},"line":7}},"branchMap":{},"s":{"0":1,"1":1,"2":1,"3":0,"4":1,"5":0,"6":1},"f":{"0":0,"1":0},"b":{},"_coverageSchema":"332fd63041d2c1bcb487cc26dd0d5f7d97098a6c","hash":"c7f9748bac7a15f4dfebf7026a88f557ef5f8a64"}
,"/home/mark/Desktop/whitech6/whitech/src/actions/index.js": {"path":"/home/mark/Desktop/whitech6/whitech/src/actions/index.js","statementMap":{"0":{"start":{"line":3,"column":28},"end":{"line":3,"column":42}},"1":{"start":{"line":4,"column":28},"end":{"line":4,"column":42}},"2":{"start":{"line":5,"column":27},"end":{"line":5,"column":40}},"3":{"start":{"line":8,"column":2},"end":{"line":11,"column":3}},"4":{"start":{"line":15,"column":2},"end":{"line":18,"column":3}},"5":{"start":{"line":22,"column":2},"end":{"line":25,"column":3}}},"fnMap":{"0":{"name":"setProducts","decl":{"start":{"line":7,"column":16},"end":{"line":7,"column":27}},"loc":{"start":{"line":7,"column":38},"end":{"line":12,"column":1}},"line":7},"1":{"name":"getProducts","decl":{"start":{"line":14,"column":16},"end":{"line":14,"column":27}},"loc":{"start":{"line":14,"column":34},"end":{"line":19,"column":1}},"line":14},"2":{"name":"onPerPage","decl":{"start":{"line":21,"column":16},"end":{"line":21,"column":25}},"loc":{"start":{"line":21,"column":35},"end":{"line":26,"column":1}},"line":21}},"branchMap":{},"s":{"0":3,"1":3,"2":3,"3":1,"4":1,"5":1},"f":{"0":1,"1":1,"2":1},"b":{},"_coverageSchema":"332fd63041d2c1bcb487cc26dd0d5f7d97098a6c","hash":"f4e755f5982ee238f6ea7c5939236a099fdf3438"}
,"/home/mark/Desktop/whitech6/whitech/src/components/Container.js": {"path":"/home/mark/Desktop/whitech6/whitech/src/components/Container.js","statementMap":{"0":{"start":{"line":13,"column":4},"end":{"line":13,"column":17}},"1":{"start":{"line":14,"column":4},"end":{"line":17,"column":5}},"2":{"start":{"line":18,"column":4},"end":{"line":18,"column":45}},"3":{"start":{"line":19,"column":4},"end":{"line":19,"column":45}},"4":{"start":{"line":20,"column":4},"end":{"line":20,"column":53}},"5":{"start":{"line":24,"column":15},"end":{"line":24,"column":51}},"6":{"start":{"line":25,"column":4},"end":{"line":28,"column":5}},"7":{"start":{"line":26,"column":6},"end":{"line":26,"column":34}},"8":{"start":{"line":27,"column":6},"end":{"line":27,"column":13}},"9":{"start":{"line":30,"column":4},"end":{"line":40,"column":5}},"10":{"start":{"line":31,"column":6},"end":{"line":37,"column":8}},"11":{"start":{"line":32,"column":23},"end":{"line":35,"column":9}},"12":{"start":{"line":36,"column":8},"end":{"line":36,"column":41}},"13":{"start":{"line":39,"column":6},"end":{"line":39,"column":35}},"14":{"start":{"line":44,"column":26},"end":{"line":44,"column":36}},"15":{"start":{"line":45,"column":4},"end":{"line":45,"column":20}},"16":{"start":{"line":46,"column":4},"end":{"line":48,"column":5}},"17":{"start":{"line":47,"column":6},"end":{"line":47,"column":13}},"18":{"start":{"line":49,"column":4},"end":{"line":49,"column":40}},"19":{"start":{"line":50,"column":4},"end":{"line":50,"column":33}},"20":{"start":{"line":54,"column":19},"end":{"line":54,"column":29}},"21":{"start":{"line":55,"column":4},"end":{"line":55,"column":20}},"22":{"start":{"line":56,"column":4},"end":{"line":58,"column":5}},"23":{"start":{"line":57,"column":6},"end":{"line":57,"column":13}},"24":{"start":{"line":59,"column":4},"end":{"line":59,"column":40}},"25":{"start":{"line":60,"column":4},"end":{"line":60,"column":33}},"26":{"start":{"line":64,"column":18},"end":{"line":64,"column":44}},"27":{"start":{"line":65,"column":4},"end":{"line":65,"column":31}},"28":{"start":{"line":66,"column":4},"end":{"line":66,"column":34}},"29":{"start":{"line":70,"column":27},"end":{"line":70,"column":37}},"30":{"start":{"line":71,"column":59},"end":{"line":71,"column":69}},"31":{"start":{"line":73,"column":4},"end":{"line":75,"column":5}},"32":{"start":{"line":74,"column":6},"end":{"line":74,"column":23}},"33":{"start":{"line":77,"column":4},"end":{"line":88,"column":6}},"34":{"start":{"line":93,"column":2},"end":{"line":100,"column":3}}},"fnMap":{"0":{"name":"(anonymous_0)","decl":{"start":{"line":12,"column":2},"end":{"line":12,"column":3}},"loc":{"start":{"line":12,"column":21},"end":{"line":21,"column":3}},"line":12},"1":{"name":"(anonymous_1)","decl":{"start":{"line":23,"column":2},"end":{"line":23,"column":3}},"loc":{"start":{"line":23,"column":22},"end":{"line":41,"column":3}},"line":23},"2":{"name":"(anonymous_2)","decl":{"start":{"line":31,"column":29},"end":{"line":31,"column":30}},"loc":{"start":{"line":31,"column":41},"end":{"line":37,"column":7}},"line":31},"3":{"name":"(anonymous_3)","decl":{"start":{"line":43,"column":2},"end":{"line":43,"column":3}},"loc":{"start":{"line":43,"column":13},"end":{"line":51,"column":3}},"line":43},"4":{"name":"(anonymous_4)","decl":{"start":{"line":53,"column":2},"end":{"line":53,"column":3}},"loc":{"start":{"line":53,"column":13},"end":{"line":61,"column":3}},"line":53},"5":{"name":"(anonymous_5)","decl":{"start":{"line":63,"column":2},"end":{"line":63,"column":3}},"loc":{"start":{"line":63,"column":22},"end":{"line":67,"column":3}},"line":63},"6":{"name":"(anonymous_6)","decl":{"start":{"line":69,"column":2},"end":{"line":69,"column":3}},"loc":{"start":{"line":69,"column":11},"end":{"line":89,"column":3}},"line":69},"7":{"name":"mapStateToProps","decl":{"start":{"line":92,"column":9},"end":{"line":92,"column":24}},"loc":{"start":{"line":92,"column":32},"end":{"line":101,"column":1}},"line":92}},"branchMap":{"0":{"loc":{"start":{"line":25,"column":4},"end":{"line":28,"column":5}},"type":"if","locations":[{"start":{"line":25,"column":4},"end":{"line":28,"column":5}},{"start":{"line":25,"column":4},"end":{"line":28,"column":5}}],"line":25},"1":{"loc":{"start":{"line":30,"column":4},"end":{"line":40,"column":5}},"type":"if","locations":[{"start":{"line":30,"column":4},"end":{"line":40,"column":5}},{"start":{"line":30,"column":4},"end":{"line":40,"column":5}}],"line":30},"2":{"loc":{"start":{"line":46,"column":4},"end":{"line":48,"column":5}},"type":"if","locations":[{"start":{"line":46,"column":4},"end":{"line":48,"column":5}},{"start":{"line":46,"column":4},"end":{"line":48,"column":5}}],"line":46},"3":{"loc":{"start":{"line":56,"column":4},"end":{"line":58,"column":5}},"type":"if","locations":[{"start":{"line":56,"column":4},"end":{"line":58,"column":5}},{"start":{"line":56,"column":4},"end":{"line":58,"column":5}}],"line":56},"4":{"loc":{"start":{"line":73,"column":4},"end":{"line":75,"column":5}},"type":"if","locations":[{"start":{"line":73,"column":4},"end":{"line":75,"column":5}},{"start":{"line":73,"column":4},"end":{"line":75,"column":5}}],"line":73}},"s":{"0":7,"1":7,"2":7,"3":7,"4":7,"5":2,"6":2,"7":1,"8":1,"9":1,"10":0,"11":0,"12":0,"13":1,"14":2,"15":2,"16":2,"17":1,"18":1,"19":1,"20":2,"21":2,"22":2,"23":1,"24":1,"25":1,"26":1,"27":1,"28":1,"29":9,"30":9,"31":9,"32":1,"33":8,"34":0},"f":{"0":7,"1":2,"2":0,"3":2,"4":2,"5":1,"6":9,"7":0},"b":{"0":[1,1],"1":[0,1],"2":[1,1],"3":[1,1],"4":[1,8]},"_coverageSchema":"332fd63041d2c1bcb487cc26dd0d5f7d97098a6c","hash":"045651cdf948478240094666573c5627eaf4c0ab"}
,"/home/mark/Desktop/whitech6/whitech/src/components/Error.js": {"path":"/home/mark/Desktop/whitech6/whitech/src/components/Error.js","statementMap":{"0":{"start":{"line":3,"column":14},"end":{"line":7,"column":1}},"1":{"start":{"line":4,"column":2},"end":{"line":6,"column":8}}},"fnMap":{"0":{"name":"(anonymous_0)","decl":{"start":{"line":3,"column":14},"end":{"line":3,"column":15}},"loc":{"start":{"line":4,"column":2},"end":{"line":6,"column":8}},"line":4}},"branchMap":{},"s":{"0":2,"1":1},"f":{"0":1},"b":{},"_coverageSchema":"332fd63041d2c1bcb487cc26dd0d5f7d97098a6c","hash":"586cb0fb4601940cf39766f91cc02c2706f3b922"}
,"/home/mark/Desktop/whitech6/whitech/src/components/Paginator.js": {"path":"/home/mark/Desktop/whitech6/whitech/src/components/Paginator.js","statementMap":{"0":{"start":{"line":3,"column":32},"end":{"line":3,"column":36}},"1":{"start":{"line":4,"column":26},"end":{"line":4,"column":27}},"2":{"start":{"line":6,"column":18},"end":{"line":45,"column":1}},"3":{"start":{"line":13,"column":16},"end":{"line":13,"column":18}},"4":{"start":{"line":14,"column":14},"end":{"line":14,"column":15}},"5":{"start":{"line":15,"column":14},"end":{"line":15,"column":23}},"6":{"start":{"line":16,"column":2},"end":{"line":18,"column":3}},"7":{"start":{"line":17,"column":4},"end":{"line":17,"column":16}},"8":{"start":{"line":19,"column":14},"end":{"line":19,"column":45}},"9":{"start":{"line":20,"column":2},"end":{"line":20,"column":31}},"10":{"start":{"line":21,"column":2},"end":{"line":21,"column":45}},"11":{"start":{"line":22,"column":2},"end":{"line":24,"column":3}},"12":{"start":{"line":23,"column":4},"end":{"line":23,"column":18}},"13":{"start":{"line":25,"column":2},"end":{"line":27,"column":3}},"14":{"start":{"line":26,"column":4},"end":{"line":26,"column":23}},"15":{"start":{"line":29,"column":2},"end":{"line":44,"column":4}},"16":{"start":{"line":34,"column":10},"end":{"line":39,"column":15}}},"fnMap":{"0":{"name":"(anonymous_0)","decl":{"start":{"line":6,"column":18},"end":{"line":6,"column":19}},"loc":{"start":{"line":12,"column":6},"end":{"line":45,"column":1}},"line":12},"1":{"name":"(anonymous_1)","decl":{"start":{"line":33,"column":18},"end":{"line":33,"column":19}},"loc":{"start":{"line":34,"column":10},"end":{"line":39,"column":15}},"line":34}},"branchMap":{"0":{"loc":{"start":{"line":10,"column":2},"end":{"line":10,"column":24}},"type":"default-arg","locations":[{"start":{"line":10,"column":8},"end":{"line":10,"column":24}}],"line":10},"1":{"loc":{"start":{"line":11,"column":2},"end":{"line":11,"column":24}},"type":"default-arg","locations":[{"start":{"line":11,"column":14},"end":{"line":11,"column":24}}],"line":11},"2":{"loc":{"start":{"line":16,"column":2},"end":{"line":18,"column":3}},"type":"if","locations":[{"start":{"line":16,"column":2},"end":{"line":18,"column":3}},{"start":{"line":16,"column":2},"end":{"line":18,"column":3}}],"line":16},"3":{"loc":{"start":{"line":25,"column":2},"end":{"line":27,"column":3}},"type":"if","locations":[{"start":{"line":25,"column":2},"end":{"line":27,"column":3}},{"start":{"line":25,"column":2},"end":{"line":27,"column":3}}],"line":25},"4":{"loc":{"start":{"line":36,"column":25},"end":{"line":36,"column":90}},"type":"cond-expr","locations":[{"start":{"line":36,"column":46},"end":{"line":36,"column":70}},{"start":{"line":36,"column":73},"end":{"line":36,"column":90}}],"line":36}},"s":{"0":3,"1":3,"2":3,"3":6,"4":6,"5":6,"6":6,"7":1,"8":6,"9":6,"10":6,"11":6,"12":18,"13":6,"14":1,"15":5,"16":15},"f":{"0":6,"1":15},"b":{"0":[1],"1":[1],"2":[1,5],"3":[1,5],"4":[5,10]},"_coverageSchema":"332fd63041d2c1bcb487cc26dd0d5f7d97098a6c","hash":"40a0aae48807bca1867c31b29a8746453f2fecd1"}
,"/home/mark/Desktop/whitech6/whitech/src/components/Shop.js": {"path":"/home/mark/Desktop/whitech6/whitech/src/components/Shop.js","statementMap":{"0":{"start":{"line":5,"column":13},"end":{"line":69,"column":1}},"1":{"start":{"line":15,"column":2},"end":{"line":68,"column":8}},"2":{"start":{"line":39,"column":12},"end":{"line":50,"column":18}}},"fnMap":{"0":{"name":"(anonymous_0)","decl":{"start":{"line":5,"column":13},"end":{"line":5,"column":14}},"loc":{"start":{"line":15,"column":2},"end":{"line":68,"column":8}},"line":15},"1":{"name":"(anonymous_1)","decl":{"start":{"line":33,"column":30},"end":{"line":33,"column":31}},"loc":{"start":{"line":39,"column":12},"end":{"line":50,"column":18}},"line":39}},"branchMap":{},"s":{"0":2,"1":1,"2":8},"f":{"0":1,"1":8},"b":{},"_coverageSchema":"332fd63041d2c1bcb487cc26dd0d5f7d97098a6c","hash":"2911485a44236361c1ce0b21bb37ce04df5d4633"}
,"/home/mark/Desktop/whitech6/whitech/src/reducers/index.js": {"path":"/home/mark/Desktop/whitech6/whitech/src/reducers/index.js","statementMap":{"0":{"start":{"line":13,"column":2},"end":{"line":44,"column":3}},"1":{"start":{"line":16,"column":33},"end":{"line":16,"column":48}},"2":{"start":{"line":17,"column":22},"end":{"line":17,"column":35}},"3":{"start":{"line":18,"column":20},"end":{"line":18,"column":56}},"4":{"start":{"line":19,"column":20},"end":{"line":19,"column":40}},"5":{"start":{"line":20,"column":30},"end":{"line":20,"column":68}},"6":{"start":{"line":21,"column":8},"end":{"line":21,"column":35}},"7":{"start":{"line":22,"column":8},"end":{"line":22,"column":114}},"8":{"start":{"line":26,"column":19},"end":{"line":26,"column":30}},"9":{"start":{"line":27,"column":36},"end":{"line":27,"column":41}},"10":{"start":{"line":28,"column":20},"end":{"line":28,"column":56}},"11":{"start":{"line":29,"column":20},"end":{"line":29,"column":40}},"12":{"start":{"line":30,"column":30},"end":{"line":30,"column":74}},"13":{"start":{"line":31,"column":8},"end":{"line":31,"column":56}},"14":{"start":{"line":35,"column":19},"end":{"line":35,"column":20}},"15":{"start":{"line":36,"column":22},"end":{"line":36,"column":36}},"16":{"start":{"line":37,"column":27},"end":{"line":37,"column":32}},"17":{"start":{"line":38,"column":20},"end":{"line":38,"column":56}},"18":{"start":{"line":39,"column":30},"end":{"line":39,"column":62}},"19":{"start":{"line":40,"column":8},"end":{"line":40,"column":65}},"20":{"start":{"line":43,"column":6},"end":{"line":43,"column":19}}},"fnMap":{"0":{"name":"products","decl":{"start":{"line":4,"column":9},"end":{"line":4,"column":17}},"loc":{"start":{"line":12,"column":11},"end":{"line":45,"column":1}},"line":12}},"branchMap":{"0":{"loc":{"start":{"line":4,"column":18},"end":{"line":12,"column":1}},"type":"default-arg","locations":[{"start":{"line":4,"column":26},"end":{"line":12,"column":1}}],"line":4},"1":{"loc":{"start":{"line":13,"column":2},"end":{"line":44,"column":3}},"type":"switch","locations":[{"start":{"line":14,"column":4},"end":{"line":23,"column":7}},{"start":{"line":24,"column":4},"end":{"line":32,"column":7}},{"start":{"line":33,"column":4},"end":{"line":41,"column":7}},{"start":{"line":42,"column":4},"end":{"line":43,"column":19}}],"line":13}},"s":{"0":5,"1":1,"2":1,"3":1,"4":1,"5":1,"6":1,"7":1,"8":1,"9":1,"10":1,"11":1,"12":1,"13":1,"14":1,"15":1,"16":1,"17":1,"18":1,"19":1,"20":2},"f":{"0":5},"b":{"0":[0],"1":[1,1,1,2]},"_coverageSchema":"332fd63041d2c1bcb487cc26dd0d5f7d97098a6c","hash":"47cb32dd62f39b97ee4c3eb4964d143c515fe7ca"}
}
