TN:
SF:/home/mark/Desktop/Whitech/whitech_final_with_server/whitech/routes/api.js
FN:9,(anonymous_0)
FNF:1
FNH:1
FNDA:1,(anonymous_0)
DA:3,2
DA:4,2
DA:6,2
DA:9,2
DA:10,1
DA:13,2
LF:6
LH:6
BRF:0
BRH:0
end_of_record
TN:
SF:/home/mark/Desktop/Whitech/whitech_final_with_server/whitech/routes/index.js
FN:6,(anonymous_0)
FN:9,(anonymous_1)
FNF:2
FNH:2
FNDA:1,(anonymous_0)
FNDA:1,(anonymous_1)
DA:3,2
DA:4,2
DA:6,2
DA:7,1
DA:9,2
DA:10,1
DA:13,2
LF:7
LH:7
BRF:0
BRH:0
end_of_record
TN:
SF:/home/mark/Desktop/Whitech/whitech_final_with_server/whitech/src/actions/index.js
FN:7,setProducts
FN:14,getProducts
FN:21,onPerPage
FNF:3
FNH:3
FNDA:1,setProducts
FNDA:1,getProducts
FNDA:1,onPerPage
DA:3,3
DA:4,3
DA:5,3
DA:8,1
DA:15,1
DA:22,1
LF:6
LH:6
BRF:0
BRH:0
end_of_record
TN:
SF:/home/mark/Desktop/Whitech/whitech_final_with_server/whitech/src/components/Container.js
FN:12,(anonymous_0)
FN:23,(anonymous_1)
FN:31,(anonymous_2)
FN:44,(anonymous_3)
FN:54,(anonymous_4)
FN:64,(anonymous_5)
FN:70,(anonymous_6)
FN:93,mapStateToProps
FNF:8
FNH:8
FNDA:8,(anonymous_0)
FNDA:4,(anonymous_1)
FNDA:2,(anonymous_2)
FNDA:2,(anonymous_3)
FNDA:2,(anonymous_4)
FNDA:1,(anonymous_5)
FNDA:10,(anonymous_6)
FNDA:1,mapStateToProps
DA:13,8
DA:14,8
DA:18,8
DA:19,8
DA:20,8
DA:24,4
DA:25,4
DA:26,1
DA:27,1
DA:30,3
DA:31,2
DA:32,2
DA:36,2
DA:40,1
DA:45,2
DA:46,2
DA:47,2
DA:48,1
DA:50,1
DA:51,1
DA:55,2
DA:56,2
DA:57,2
DA:58,1
DA:60,1
DA:61,1
DA:65,1
DA:66,1
DA:67,1
DA:71,10
DA:72,10
DA:74,10
DA:75,1
DA:78,9
DA:94,1
LF:35
LH:35
BRDA:25,0,0,1
BRDA:25,0,1,3
BRDA:30,1,0,2
BRDA:30,1,1,1
BRDA:47,2,0,1
BRDA:47,2,1,1
BRDA:57,3,0,1
BRDA:57,3,1,1
BRDA:74,4,0,1
BRDA:74,4,1,9
BRF:10
BRH:10
end_of_record
TN:
SF:/home/mark/Desktop/Whitech/whitech_final_with_server/whitech/src/components/Error.js
FN:3,(anonymous_0)
FNF:1
FNH:1
FNDA:1,(anonymous_0)
DA:3,2
DA:4,1
LF:2
LH:2
BRF:0
BRH:0
end_of_record
TN:
SF:/home/mark/Desktop/Whitech/whitech_final_with_server/whitech/src/components/Paginator.js
FN:6,(anonymous_0)
FN:33,(anonymous_1)
FNF:2
FNH:2
FNDA:6,(anonymous_0)
FNDA:15,(anonymous_1)
DA:3,3
DA:4,3
DA:6,3
DA:13,6
DA:14,6
DA:15,6
DA:16,6
DA:17,1
DA:19,6
DA:20,6
DA:21,6
DA:22,6
DA:23,18
DA:25,6
DA:26,1
DA:29,5
DA:34,15
LF:17
LH:17
BRDA:10,0,0,1
BRDA:11,1,0,1
BRDA:16,2,0,1
BRDA:16,2,1,5
BRDA:25,3,0,1
BRDA:25,3,1,5
BRDA:36,4,0,5
BRDA:36,4,1,10
BRF:8
BRH:8
end_of_record
TN:
SF:/home/mark/Desktop/Whitech/whitech_final_with_server/whitech/src/components/Shop.js
FN:5,(anonymous_0)
FN:33,(anonymous_1)
FNF:2
FNH:2
FNDA:1,(anonymous_0)
FNDA:8,(anonymous_1)
DA:5,2
DA:15,1
DA:39,8
LF:3
LH:3
BRF:0
BRH:0
end_of_record
TN:
SF:/home/mark/Desktop/Whitech/whitech_final_with_server/whitech/src/reducers/index.js
FN:14,products
FNF:1
FNH:1
FNDA:6,products
DA:4,1
DA:15,6
DA:16,6
DA:17,5
DA:19,6
DA:22,1
DA:23,1
DA:24,1
DA:25,1
DA:26,1
DA:27,1
DA:28,1
DA:32,1
DA:33,1
DA:34,1
DA:35,1
DA:36,1
DA:37,1
DA:41,1
DA:42,1
DA:43,1
DA:44,1
DA:45,1
DA:46,1
DA:49,3
LF:25
LH:25
BRDA:14,0,0,1
BRDA:16,1,0,5
BRDA:16,1,1,1
BRDA:19,2,0,1
BRDA:19,2,1,1
BRDA:19,2,2,1
BRDA:19,2,3,3
BRF:7
BRH:7
end_of_record
