TN:
SF:/home/mark/Desktop/whitech6/whitech/routes/api.js
FN:9,(anonymous_0)
FNF:1
FNH:1
FNDA:1,(anonymous_0)
DA:3,1
DA:4,1
DA:6,1
DA:9,1
DA:10,1
DA:13,1
LF:6
LH:6
BRF:0
BRH:0
end_of_record
TN:
SF:/home/mark/Desktop/whitech6/whitech/routes/index.js
FN:6,(anonymous_0)
FN:7,(anonymous_1)
FNF:2
FNH:0
FNDA:0,(anonymous_0)
FNDA:0,(anonymous_1)
DA:3,1
DA:4,1
DA:6,1
DA:7,1
DA:9,1
LF:5
LH:5
BRF:0
BRH:0
end_of_record
TN:
SF:/home/mark/Desktop/whitech6/whitech/src/actions/index.js
FN:7,setProducts
FN:14,getProducts
FN:21,onPerPage
FNF:3
FNH:3
FNDA:1,setProducts
FNDA:1,getProducts
FNDA:1,onPerPage
DA:3,3
DA:4,3
DA:5,3
DA:8,1
DA:15,1
DA:22,1
LF:6
LH:6
BRF:0
BRH:0
end_of_record
TN:
SF:/home/mark/Desktop/whitech6/whitech/src/components/Container.js
FN:12,(anonymous_0)
FN:23,(anonymous_1)
FN:31,(anonymous_2)
FN:43,(anonymous_3)
FN:53,(anonymous_4)
FN:63,(anonymous_5)
FN:69,(anonymous_6)
FN:92,mapStateToProps
FNF:8
FNH:6
FNDA:7,(anonymous_0)
FNDA:2,(anonymous_1)
FNDA:0,(anonymous_2)
FNDA:2,(anonymous_3)
FNDA:2,(anonymous_4)
FNDA:1,(anonymous_5)
FNDA:9,(anonymous_6)
FNDA:0,mapStateToProps
DA:13,7
DA:14,7
DA:18,7
DA:19,7
DA:20,7
DA:24,2
DA:25,2
DA:26,1
DA:27,1
DA:30,1
DA:31,0
DA:32,0
DA:36,0
DA:39,1
DA:44,2
DA:45,2
DA:46,2
DA:47,1
DA:49,1
DA:50,1
DA:54,2
DA:55,2
DA:56,2
DA:57,1
DA:59,1
DA:60,1
DA:64,1
DA:65,1
DA:66,1
DA:70,9
DA:71,9
DA:73,9
DA:74,1
DA:77,8
DA:93,0
LF:35
LH:31
BRDA:25,0,0,1
BRDA:25,0,1,1
BRDA:30,1,0,0
BRDA:30,1,1,1
BRDA:46,2,0,1
BRDA:46,2,1,1
BRDA:56,3,0,1
BRDA:56,3,1,1
BRDA:73,4,0,1
BRDA:73,4,1,8
BRF:10
BRH:9
end_of_record
TN:
SF:/home/mark/Desktop/whitech6/whitech/src/components/Error.js
FN:3,(anonymous_0)
FNF:1
FNH:1
FNDA:1,(anonymous_0)
DA:3,2
DA:4,1
LF:2
LH:2
BRF:0
BRH:0
end_of_record
TN:
SF:/home/mark/Desktop/whitech6/whitech/src/components/Paginator.js
FN:6,(anonymous_0)
FN:33,(anonymous_1)
FNF:2
FNH:2
FNDA:6,(anonymous_0)
FNDA:15,(anonymous_1)
DA:3,3
DA:4,3
DA:6,3
DA:13,6
DA:14,6
DA:15,6
DA:16,6
DA:17,1
DA:19,6
DA:20,6
DA:21,6
DA:22,6
DA:23,18
DA:25,6
DA:26,1
DA:29,5
DA:34,15
LF:17
LH:17
BRDA:10,0,0,1
BRDA:11,1,0,1
BRDA:16,2,0,1
BRDA:16,2,1,5
BRDA:25,3,0,1
BRDA:25,3,1,5
BRDA:36,4,0,5
BRDA:36,4,1,10
BRF:8
BRH:8
end_of_record
TN:
SF:/home/mark/Desktop/whitech6/whitech/src/components/Shop.js
FN:5,(anonymous_0)
FN:33,(anonymous_1)
FNF:2
FNH:2
FNDA:1,(anonymous_0)
FNDA:8,(anonymous_1)
DA:5,2
DA:15,1
DA:39,8
LF:3
LH:3
BRF:0
BRH:0
end_of_record
TN:
SF:/home/mark/Desktop/whitech6/whitech/src/reducers/index.js
FN:4,products
FNF:1
FNH:1
FNDA:5,products
DA:13,5
DA:16,1
DA:17,1
DA:18,1
DA:19,1
DA:20,1
DA:21,1
DA:22,1
DA:26,1
DA:27,1
DA:28,1
DA:29,1
DA:30,1
DA:31,1
DA:35,1
DA:36,1
DA:37,1
DA:38,1
DA:39,1
DA:40,1
DA:43,2
LF:21
LH:21
BRDA:4,0,0,0
BRDA:13,1,0,1
BRDA:13,1,1,1
BRDA:13,1,2,1
BRDA:13,1,3,2
BRF:5
BRH:4
end_of_record
